# JRE version: Java(TM) SE Runtime Environment 18.9 (11.0.16+11) (build 11.0.16+11-LTS-199)
# Java VM: Java HotSpot(TM) 64-Bit Server VM 18.9 (11.0.16+11-LTS-199, mixed mode, tiered, compressed oops, g1 gc, windows-amd64)
Heap:
 garbage-first heap   total 262144K, used 155884K [0x0000000701c00000, 0x0000000800000000)
  region size 1024K, 124 young (126976K), 1 survivors (1024K)
 Metaspace       used 60168K, capacity 62357K, committed 62544K, reserved 1103872K
  class space    used 7852K, capacity 8732K, committed 8832K, reserved 1048576K
GC Heap History (10 events):
Event: 179925.664 GC heap before
{Heap before GC invocations=30 (full 0):
 garbage-first heap   total 262144K, used 186641K [0x0000000701c00000, 0x0000000800000000)
  region size 1024K, 153 young (156672K), 1 survivors (1024K)
 Metaspace       used 60164K, capacity 62357K, committed 62544K, reserved 1103872K
  class space    used 7852K, capacity 8732K, committed 8832K, reserved 1048576K
}
Event: 179925.670 GC heap after
{Heap after GC invocations=31 (full 0):
 garbage-first heap   total 262144K, used 31038K [0x0000000701c00000, 0x0000000800000000)
  region size 1024K, 1 young (1024K), 1 survivors (1024K)
 Metaspace       used 60164K, capacity 62357K, committed 62544K, reserved 1103872K
  class space    used 7852K, capacity 8732K, committed 8832K, reserved 1048576K
}
Event: 184689.050 GC heap before
{Heap before GC invocations=31 (full 0):
 garbage-first heap   total 262144K, used 186686K [0x0000000701c00000, 0x0000000800000000)
  region size 1024K, 153 young (156672K), 1 survivors (1024K)
 Metaspace       used 60168K, capacity 62357K, committed 62544K, reserved 1103872K
  class space    used 7852K, capacity 8732K, committed 8832K, reserved 1048576K
}
Event: 184689.054 GC heap after
{Heap after GC invocations=32 (full 0):
 garbage-first heap   total 262144K, used 31046K [0x0000000701c00000, 0x0000000800000000)
  region size 1024K, 1 young (1024K), 1 survivors (1024K)
 Metaspace       used 60168K, capacity 62357K, committed 62544K, reserved 1103872K
  class space    used 7852K, capacity 8732K, committed 8832K, reserved 1048576K
}
Event: 189607.250 GC heap before
{Heap before GC invocations=32 (full 0):
 garbage-first heap   total 262144K, used 186694K [0x0000000701c00000, 0x0000000800000000)
  region size 1024K, 153 young (156672K), 1 survivors (1024K)
 Metaspace       used 60168K, capacity 62357K, committed 62544K, reserved 1103872K
  class space    used 7852K, capacity 8732K, committed 8832K, reserved 1048576K
}
Event: 189607.255 GC heap after
{Heap after GC invocations=33 (full 0):
 garbage-first heap   total 262144K, used 30942K [0x0000000701c00000, 0x0000000800000000)
  region size 1024K, 1 young (1024K), 1 survivors (1024K)
 Metaspace       used 60168K, capacity 62357K, committed 62544K, reserved 1103872K
  class space    used 7852K, capacity 8732K, committed 8832K, reserved 1048576K
}
Event: 227535.472 GC heap before
{Heap before GC invocations=33 (full 0):
 garbage-first heap   total 262144K, used 186590K [0x0000000701c00000, 0x0000000800000000)
  region size 1024K, 153 young (156672K), 1 survivors (1024K)
 Metaspace       used 60168K, capacity 62357K, committed 62544K, reserved 1103872K
  class space    used 7852K, capacity 8732K, committed 8832K, reserved 1048576K
}
Event: 227535.480 GC heap after
{Heap after GC invocations=34 (full 0):
 garbage-first heap   total 262144K, used 31027K [0x0000000701c00000, 0x0000000800000000)
  region size 1024K, 1 young (1024K), 1 survivors (1024K)
 Metaspace       used 60168K, capacity 62357K, committed 62544K, reserved 1103872K
  class space    used 7852K, capacity 8732K, committed 8832K, reserved 1048576K
}
Event: 232422.645 GC heap before
{Heap before GC invocations=34 (full 0):
 garbage-first heap   total 262144K, used 186675K [0x0000000701c00000, 0x0000000800000000)
  region size 1024K, 153 young (156672K), 1 survivors (1024K)
 Metaspace       used 60168K, capacity 62357K, committed 62544K, reserved 1103872K
  class space    used 7852K, capacity 8732K, committed 8832K, reserved 1048576K
}
Event: 232422.650 GC heap after
{Heap after GC invocations=35 (full 0):
 garbage-first heap   total 262144K, used 30956K [0x0000000701c00000, 0x0000000800000000)
  region size 1024K, 1 young (1024K), 1 survivors (1024K)
 Metaspace       used 60168K, capacity 62357K, committed 62544K, reserved 1103872K
  class space    used 7852K, capacity 8732K, committed 8832K, reserved 1048576K
}

